#
# A fatal error has been detected by the Java Runtime Environment:
#
#  EXCEPTION_ACCESS_VIOLATION (0xc0000005) at pc=0x00000000562e512b, pid=11304, tid=0x00000000000033a0
#
# JRE version: Java(TM) SE Runtime Environment (8.0_131-b11) (build 1.8.0_131-b11)
# Java VM: Java HotSpot(TM) 64-Bit Server VM (25.131-b11 mixed mode windows-amd64 compressed oops)
# Problematic frame:
# V  [jvm.dll+0x11512b]
#
# Failed to write core dump. Minidumps are not enabled by default on client versions of Windows
#
# If you would like to submit a bug report, please visit:
#   http://bugreport.java.com/bugreport/crash.jsp
#

---------------  T H R E A D  ---------------

Current thread (0x000000000286b000):  GCTaskThread [stack: 0x00000000123c0000,0x00000000124c0000] [id=13216]

siginfo: ExceptionCode=0xc0000005, reading address 0x0000000072a30e48

Registers:
RAX=0x00000000127c0000, RBX=0x00000000e6531e00, RCX=0x0000000000000003, RDX=0x0000000000000001
RSP=0x00000000124bf900, RBP=0x00000000e6131dcc, RSI=0x0000000000000004, RDI=0x000000000293eff0
R8 =0x0000000072a30e40, R9 =0x0000000000000004, R10=0x000000000000000c, R11=0x00000000000008aa
R12=0x00000000e6131ddc, R13=0x000000010029fe98, R14=0x000000010029fea0, R15=0x00000000e6131da8
RIP=0x00000000562e512b, EFLAGS=0x0000000000010202

Top of Stack: (sp=0x00000000124bf900)
0x00000000124bf900:   00000000e6131de0 00000000e6131db4
0x00000000124bf910:   0000000000000004 000000000293eff0
0x00000000124bf920:   0000000000000000 00000000000003d8
0x00000000124bf930:   000000000286b938 0000000002862720
0x00000000124bf940:   00000000000008aa 00000000565c8160
0x00000000124bf950:   0000000017ab4590 00000000173c5a40
0x00000000124bf960:   000000000293eff0 000000000286b560
0x00000000124bf970:   0000001e0000082e 0000000000000c00
0x00000000124bf980:   0000000000000000 0000000000000000
0x00000000124bf990:   0000000000000000 0000000002855000
0x00000000124bf9a0:   000000000286b501 000000000286b501
0x00000000124bf9b0:   0000dbc8303162aa 000000000286b938
0x00000000124bf9c0:   000000000286b560 00000000000003d8
0x00000000124bf9d0:   000000000286b560 0000000002862720
0x00000000124bf9e0:   000000000286b550 00000000173c5a40
0x00000000124bf9f0:   000000000293eff0 00000000565c51e3 

Instructions: (pc=0x00000000562e512b)
0x00000000562e510b:   6f 00 84 d2 74 16 44 8b 43 08 8b 0d 8d b6 68 00
0x00000000562e511b:   49 d3 e0 4c 03 05 7b b6 68 00 eb 04 4c 8b 43 08
0x00000000562e512b:   45 8b 48 08 45 85 c9 7e 0c 41 f6 c1 01 75 4b 41
0x00000000562e513b:   c1 f9 03 eb 57 79 43 84 d2 41 8b c9 b8 10 00 00 


Register to memory mapping:

RAX=0x00000000127c0000 is an unknown value
RBX=0x00000000e6531e00 is an oop

[error occurred during error reporting (printing register info), id 0xc0000005]

Stack: [0x00000000123c0000,0x00000000124c0000],  sp=0x00000000124bf900,  free space=1022k
Native frames: (J=compiled Java code, j=interpreted, Vv=VM code, C=native code)
V  [jvm.dll+0x11512b]
V  [jvm.dll+0x3f8160]
V  [jvm.dll+0x3f51e3]
V  [jvm.dll+0x3f302e]
V  [jvm.dll+0x29cc1a]
C  [msvcr100.dll+0x21d9f]
C  [msvcr100.dll+0x21e3b]
C  [KERNEL32.DLL+0x12774]
C  [ntdll.dll+0x70d61]


---------------  P R O C E S S  ---------------

Java Threads: ( => current thread )
  0x000000001c0e0000 JavaThread "Abandoned connection cleanup thread" daemon [_thread_blocked, id=8696, stack(0x000000001d420000,0x000000001d520000)]
  0x000000001c0df800 JavaThread "Tomcat JDBC Pool Cleaner[414493378:1496435674518]" daemon [_thread_blocked, id=16980, stack(0x000000001d320000,0x000000001d420000)]
  0x000000001c055800 JavaThread "container-0" [_thread_blocked, id=3224, stack(0x000000001d220000,0x000000001d320000)]
  0x000000001c05b800 JavaThread "ContainerBackgroundProcessor[StandardEngine[Tomcat]]" daemon [_thread_blocked, id=8668, stack(0x000000001d120000,0x000000001d220000)]
  0x000000001bfa8000 JavaThread "localhost-startStop-1" daemon [_thread_blocked, id=10332, stack(0x000000001ce20000,0x000000001cf20000)]
  0x000000001bfa7000 JavaThread "Tomcat-startStop-1" daemon [_thread_blocked, id=10356, stack(0x000000001cd20000,0x000000001ce20000)]
  0x0000000018ddb000 JavaThread "Service Thread" daemon [_thread_blocked, id=7928, stack(0x000000001a130000,0x000000001a230000)]
  0x0000000018d5c000 JavaThread "C1 CompilerThread2" daemon [_thread_blocked, id=18364, stack(0x0000000019160000,0x0000000019260000)]
  0x0000000018d5b000 JavaThread "C2 CompilerThread1" daemon [_thread_blocked, id=13456, stack(0x0000000019060000,0x0000000019160000)]
  0x0000000018d5a000 JavaThread "C2 CompilerThread0" daemon [_thread_blocked, id=9192, stack(0x0000000018f60000,0x0000000019060000)]
  0x0000000018d56800 JavaThread "Monitor Ctrl-Break" daemon [_thread_in_native, id=11056, stack(0x0000000018e60000,0x0000000018f60000)]
  0x00000000174fe000 JavaThread "Attach Listener" daemon [_thread_blocked, id=11800, stack(0x0000000018960000,0x0000000018a60000)]
  0x00000000174fd000 JavaThread "Signal Dispatcher" daemon [_thread_blocked, id=7844, stack(0x0000000018860000,0x0000000018960000)]
  0x00000000174d9000 JavaThread "Finalizer" daemon [_thread_blocked, id=9308, stack(0x0000000018760000,0x0000000018860000)]
  0x0000000002945000 JavaThread "Reference Handler" daemon [_thread_blocked, id=10956, stack(0x0000000018660000,0x0000000018760000)]
  0x0000000002855000 JavaThread "main" [_thread_blocked, id=10480, stack(0x0000000002460000,0x0000000002560000)]

Other Threads:
  0x00000000174b7800 VMThread [stack: 0x0000000018560000,0x0000000018660000] [id=3360]
  0x0000000018dd1800 WatcherThread [stack: 0x000000001a650000,0x000000001a750000] [id=7372]

=>0x000000000286b000 (exited) GCTaskThread [stack: 0x00000000123c0000,0x00000000124c0000] [id=13216]

VM state:at safepoint (normal execution)

VM Mutex/Monitor currently owned by a thread:  ([mutex/lock_event])
[0x000000000264c8d0] Threads_lock - owner thread: 0x00000000174b7800
[0x000000000264c650] Heap_lock - owner thread: 0x0000000002855000

Heap:
 PSYoungGen      total 276480K, used 12772K [0x00000000d5a00000, 0x00000000eda80000, 0x0000000100000000)
  eden space 263680K, 0% used [0x00000000d5a00000,0x00000000d5a00000,0x00000000e5b80000)
  from space 12800K, 99% used [0x00000000e5b80000,0x00000000e67f93b8,0x00000000e6800000)
  to   space 15872K, 0% used [0x00000000ecb00000,0x00000000ecb00000,0x00000000eda80000)
 ParOldGen       total 66560K, used 18198K [0x0000000080e00000, 0x0000000084f00000, 0x00000000d5a00000)
  object space 66560K, 27% used [0x0000000080e00000,0x0000000081fc5a00,0x0000000084f00000)
 Metaspace       used 34845K, capacity 35200K, committed 35496K, reserved 1079296K
  class space    used 4605K, capacity 4715K, committed 4784K, reserved 1048576K

Card table byte_map: [0x0000000011d10000,0x0000000012110000] byte_map_base: 0x0000000011909000

Marking Bits: (ParMarkBitMap*) 0x00000000569ec720
 Begin Bits: [0x00000000127c0000, 0x0000000014788000)
 End Bits:   [0x0000000014788000, 0x0000000016750000)

Polling page: 0x0000000002420000

CodeCache: size=245760Kb used=7662Kb max_used=7662Kb free=238097Kb
 bounds [0x0000000002950000, 0x00000000030d0000, 0x0000000011950000]
 total_blobs=4126 nmethods=3623 adapters=415
 compilation: enabled

Compilation events (10 events):
Event: 5.256 Thread 0x0000000018d5c000 3619       1       org.hibernate.type.BasicTypeRegistry::getRegisteredType (14 bytes)
Event: 5.256 Thread 0x0000000018d5c000 nmethod 3619 0x00000000030c92d0 code [0x00000000030c9440, 0x00000000030c95c8]
Event: 5.257 Thread 0x0000000018d5c000 3620       1       org.hibernate.jpa.internal.metamodel.AttributeFactory$1::getPropertyMapping (5 bytes)
Event: 5.257 Thread 0x0000000018d5c000 nmethod 3620 0x00000000030c9650 code [0x00000000030c97a0, 0x00000000030c98b0]
Event: 5.257 Thread 0x0000000018d5c000 3621       1       org.hibernate.mapping.SimpleValue::getType (242 bytes)
Event: 5.258 Thread 0x0000000018d5c000 nmethod 3621 0x00000000030c9910 code [0x00000000030c9be0, 0x00000000030ca7f8]
Event: 5.258 Thread 0x0000000018d5c000 3622   !   1       org.hibernate.type.TypeResolver::heuristicType (41 bytes)
Event: 5.259 Thread 0x0000000018d5c000 nmethod 3622 0x00000000030cb050 code [0x00000000030cb200, 0x00000000030cb538]
Event: 5.259 Thread 0x0000000018d5c000 3623       1       org.hibernate.mapping.Column::isNullable (5 bytes)
Event: 5.259 Thread 0x0000000018d5c000 nmethod 3623 0x00000000030cb910 code [0x00000000030cba60, 0x00000000030cbb70]

GC Heap History (10 events):
Event: 3.012 GC heap after
Heap after GC invocations=4 (full 0):
 PSYoungGen      total 138240K, used 5097K [0x00000000d5a00000, 0x00000000de600000, 0x0000000100000000)
  eden space 133120K, 0% used [0x00000000d5a00000,0x00000000d5a00000,0x00000000ddc00000)
  from space 5120K, 99% used [0x00000000de100000,0x00000000de5fa688,0x00000000de600000)
  to   space 5120K, 0% used [0x00000000ddc00000,0x00000000ddc00000,0x00000000de100000)
 ParOldGen       total 87552K, used 12685K [0x0000000080e00000, 0x0000000086380000, 0x00000000d5a00000)
  object space 87552K, 14% used [0x0000000080e00000,0x0000000081a63698,0x0000000086380000)
 Metaspace       used 18715K, capacity 19012K, committed 19200K, reserved 1067008K
  class space    used 2455K, capacity 2545K, committed 2560K, reserved 1048576K
}
Event: 3.398 GC heap before
{Heap before GC invocations=5 (full 0):
 PSYoungGen      total 138240K, used 59112K [0x00000000d5a00000, 0x00000000de600000, 0x0000000100000000)
  eden space 133120K, 40% used [0x00000000d5a00000,0x00000000d8ebfa70,0x00000000ddc00000)
  from space 5120K, 99% used [0x00000000de100000,0x00000000de5fa688,0x00000000de600000)
  to   space 5120K, 0% used [0x00000000ddc00000,0x00000000ddc00000,0x00000000de100000)
 ParOldGen       total 87552K, used 12685K [0x0000000080e00000, 0x0000000086380000, 0x00000000d5a00000)
  object space 87552K, 14% used [0x0000000080e00000,0x0000000081a63698,0x0000000086380000)
 Metaspace       used 20911K, capacity 21228K, committed 21296K, reserved 1067008K
  class space    used 2772K, capacity 2845K, committed 2864K, reserved 1048576K
Event: 3.409 GC heap after
Heap after GC invocations=5 (full 0):
 PSYoungGen      total 138240K, used 5093K [0x00000000d5a00000, 0x00000000e7600000, 0x0000000100000000)
  eden space 133120K, 0% used [0x00000000d5a00000,0x00000000d5a00000,0x00000000ddc00000)
  from space 5120K, 99% used [0x00000000ddc00000,0x00000000de0f9718,0x00000000de100000)
  to   space 12288K, 0% used [0x00000000e6a00000,0x00000000e6a00000,0x00000000e7600000)
 ParOldGen       total 87552K, used 16311K [0x0000000080e00000, 0x0000000086380000, 0x00000000d5a00000)
  object space 87552K, 18% used [0x0000000080e00000,0x0000000081dedce8,0x0000000086380000)
 Metaspace       used 20911K, capacity 21228K, committed 21296K, reserved 1067008K
  class space    used 2772K, capacity 2845K, committed 2864K, reserved 1048576K
}
Event: 3.409 GC heap before
{Heap before GC invocations=6 (full 1):
 PSYoungGen      total 138240K, used 5093K [0x00000000d5a00000, 0x00000000e7600000, 0x0000000100000000)
  eden space 133120K, 0% used [0x00000000d5a00000,0x00000000d5a00000,0x00000000ddc00000)
  from space 5120K, 99% used [0x00000000ddc00000,0x00000000de0f9718,0x00000000de100000)
  to   space 12288K, 0% used [0x00000000e6a00000,0x00000000e6a00000,0x00000000e7600000)
 ParOldGen       total 87552K, used 16311K [0x0000000080e00000, 0x0000000086380000, 0x00000000d5a00000)
  object space 87552K, 18% used [0x0000000080e00000,0x0000000081dedce8,0x0000000086380000)
 Metaspace       used 20911K, capacity 21228K, committed 21296K, reserved 1067008K
  class space    used 2772K, capacity 2845K, committed 2864K, reserved 1048576K
Event: 3.467 GC heap after
Heap after GC invocations=6 (full 1):
 PSYoungGen      total 138240K, used 0K [0x00000000d5a00000, 0x00000000e7600000, 0x0000000100000000)
  eden space 133120K, 0% used [0x00000000d5a00000,0x00000000d5a00000,0x00000000ddc00000)
  from space 5120K, 0% used [0x00000000ddc00000,0x00000000ddc00000,0x00000000de100000)
  to   space 12288K, 0% used [0x00000000e6a00000,0x00000000e6a00000,0x00000000e7600000)
 ParOldGen       total 66560K, used 15842K [0x0000000080e00000, 0x0000000084f00000, 0x00000000d5a00000)
  object space 66560K, 23% used [0x0000000080e00000,0x0000000081d78a40,0x0000000084f00000)
 Metaspace       used 20911K, capacity 21228K, committed 21296K, reserved 1067008K
  class space    used 2772K, capacity 2845K, committed 2864K, reserved 1048576K
}
Event: 4.529 GC heap before
{Heap before GC invocations=7 (full 1):
 PSYoungGen      total 138240K, used 133120K [0x00000000d5a00000, 0x00000000e7600000, 0x0000000100000000)
  eden space 133120K, 100% used [0x00000000d5a00000,0x00000000ddc00000,0x00000000ddc00000)
  from space 5120K, 0% used [0x00000000ddc00000,0x00000000ddc00000,0x00000000de100000)
  to   space 12288K, 0% used [0x00000000e6a00000,0x00000000e6a00000,0x00000000e7600000)
 ParOldGen       total 66560K, used 15842K [0x0000000080e00000, 0x0000000084f00000, 0x00000000d5a00000)
  object space 66560K, 23% used [0x0000000080e00000,0x0000000081d78a40,0x0000000084f00000)
 Metaspace       used 27507K, capacity 27886K, committed 28208K, reserved 1073152K
  class space    used 3518K, capacity 3624K, committed 3632K, reserved 1048576K
Event: 4.551 GC heap after
Heap after GC invocations=7 (full 1):
 PSYoungGen      total 231424K, used 10514K [0x00000000d5a00000, 0x00000000e7480000, 0x0000000100000000)
  eden space 220672K, 0% used [0x00000000d5a00000,0x00000000d5a00000,0x00000000e3180000)
  from space 10752K, 97% used [0x00000000e6a00000,0x00000000e7444960,0x00000000e7480000)
  to   space 12800K, 0% used [0x00000000e5b80000,0x00000000e5b80000,0x00000000e6800000)
 ParOldGen       total 66560K, used 15850K [0x0000000080e00000, 0x0000000084f00000, 0x00000000d5a00000)
  object space 66560K, 23% used [0x0000000080e00000,0x0000000081d7aa40,0x0000000084f00000)
 Metaspace       used 27507K, capacity 27886K, committed 28208K, reserved 1073152K
  class space    used 3518K, capacity 3624K, committed 3632K, reserved 1048576K
}
Event: 5.261 GC heap before
{Heap before GC invocations=8 (full 1):
 PSYoungGen      total 231424K, used 112488K [0x00000000d5a00000, 0x00000000e7480000, 0x0000000100000000)
  eden space 220672K, 46% used [0x00000000d5a00000,0x00000000dbd95770,0x00000000e3180000)
  from space 10752K, 97% used [0x00000000e6a00000,0x00000000e7444960,0x00000000e7480000)
  to   space 12800K, 0% used [0x00000000e5b80000,0x00000000e5b80000,0x00000000e6800000)
 ParOldGen       total 66560K, used 15850K [0x0000000080e00000, 0x0000000084f00000, 0x00000000d5a00000)
  object space 66560K, 23% used [0x0000000080e00000,0x0000000081d7aa40,0x0000000084f00000)
 Metaspace       used 34845K, capacity 35200K, committed 35496K, reserved 1079296K
  class space    used 4605K, capacity 4715K, committed 4784K, reserved 1048576K
Event: 5.278 GC heap after
Heap after GC invocations=8 (full 1):
 PSYoungGen      total 276480K, used 12772K [0x00000000d5a00000, 0x00000000eda80000, 0x0000000100000000)
  eden space 263680K, 0% used [0x00000000d5a00000,0x00000000d5a00000,0x00000000e5b80000)
  from space 12800K, 99% used [0x00000000e5b80000,0x00000000e67f93b8,0x00000000e6800000)
  to   space 15872K, 0% used [0x00000000ecb00000,0x00000000ecb00000,0x00000000eda80000)
 ParOldGen       total 66560K, used 18198K [0x0000000080e00000, 0x0000000084f00000, 0x00000000d5a00000)
  object space 66560K, 27% used [0x0000000080e00000,0x0000000081fc5a00,0x0000000084f00000)
 Metaspace       used 34845K, capacity 35200K, committed 35496K, reserved 1079296K
  class space    used 4605K, capacity 4715K, committed 4784K, reserved 1048576K
}
Event: 5.278 GC heap before
{Heap before GC invocations=9 (full 2):
 PSYoungGen      total 276480K, used 12772K [0x00000000d5a00000, 0x00000000eda80000, 0x0000000100000000)
  eden space 263680K, 0% used [0x00000000d5a00000,0x00000000d5a00000,0x00000000e5b80000)
  from space 12800K, 99% used [0x00000000e5b80000,0x00000000e67f93b8,0x00000000e6800000)
  to   space 15872K, 0% used [0x00000000ecb00000,0x00000000ecb00000,0x00000000eda80000)
 ParOldGen       total 66560K, used 18198K [0x0000000080e00000, 0x0000000084f00000, 0x00000000d5a00000)
  object space 66560K, 27% used [0x0000000080e00000,0x0000000081fc5a00,0x0000000084f00000)
 Metaspace       used 34845K, capacity 35200K, committed 35496K, reserved 1079296K
  class space    used 4605K, capacity 4715K, committed 4784K, reserved 1048576K

Deoptimization events (0 events):
No events

Internal exceptions (10 events):
Event: 5.054 Thread 0x0000000002855000 Exception <a 'java/lang/ArrayIndexOutOfBoundsException'> (0x00000000d9f9d210) thrown at [C:\re\workspace\8-2-build-windows-amd64-cygwin\jdk8u131\8869\hotspot\src\share\vm\runtime\sharedRuntime.cpp, line 605]
Event: 5.254 Thread 0x0000000002855000 Exception <a 'java/lang/ArrayIndexOutOfBoundsException'> (0x00000000dbbcdc10) thrown at [C:\re\workspace\8-2-build-windows-amd64-cygwin\jdk8u131\8869\hotspot\src\share\vm\runtime\sharedRuntime.cpp, line 605]
Event: 5.256 Thread 0x0000000002855000 Exception <a 'java/lang/ArrayIndexOutOfBoundsException'> (0x00000000dbc22468) thrown at [C:\re\workspace\8-2-build-windows-amd64-cygwin\jdk8u131\8869\hotspot\src\share\vm\runtime\sharedRuntime.cpp, line 605]
Event: 5.256 Thread 0x0000000002855000 Exception <a 'java/lang/ArrayIndexOutOfBoundsException'> (0x00000000dbc36b58) thrown at [C:\re\workspace\8-2-build-windows-amd64-cygwin\jdk8u131\8869\hotspot\src\share\vm\runtime\sharedRuntime.cpp, line 605]
Event: 5.257 Thread 0x0000000002855000 Exception <a 'java/lang/ArrayIndexOutOfBoundsException'> (0x00000000dbc55198) thrown at [C:\re\workspace\8-2-build-windows-amd64-cygwin\jdk8u131\8869\hotspot\src\share\vm\runtime\sharedRuntime.cpp, line 605]
Event: 5.257 Thread 0x0000000002855000 Exception <a 'java/lang/ArrayIndexOutOfBoundsException'> (0x00000000dbc65a30) thrown at [C:\re\workspace\8-2-build-windows-amd64-cygwin\jdk8u131\8869\hotspot\src\share\vm\runtime\sharedRuntime.cpp, line 605]
Event: 5.257 Thread 0x0000000002855000 Exception <a 'java/lang/ArrayIndexOutOfBoundsException'> (0x00000000dbc78760) thrown at [C:\re\workspace\8-2-build-windows-amd64-cygwin\jdk8u131\8869\hotspot\src\share\vm\runtime\sharedRuntime.cpp, line 605]
Event: 5.258 Thread 0x0000000002855000 Exception <a 'java/lang/ArrayIndexOutOfBoundsException'> (0x00000000dbc862b8) thrown at [C:\re\workspace\8-2-build-windows-amd64-cygwin\jdk8u131\8869\hotspot\src\share\vm\runtime\sharedRuntime.cpp, line 605]
Event: 5.258 Thread 0x0000000002855000 Exception <a 'java/lang/ArrayIndexOutOfBoundsException'> (0x00000000dbc94438) thrown at [C:\re\workspace\8-2-build-windows-amd64-cygwin\jdk8u131\8869\hotspot\src\share\vm\runtime\sharedRuntime.cpp, line 605]
Event: 5.259 Thread 0x0000000002855000 Exception <a 'java/lang/ArrayIndexOutOfBoundsException'> (0x00000000dbca7a78) thrown at [C:\re\workspace\8-2-build-windows-amd64-cygwin\jdk8u131\8869\hotspot\src\share\vm\runtime\sharedRuntime.cpp, line 605]

Events (10 events):
Event: 5.258 loading class com/example/demo/business/Entities/CountriesEntity_ done
Event: 5.259 loading class com/example/demo/business/Entities/AuthorsEntity_
Event: 5.259 loading class com/example/demo/business/Entities/AuthorsEntity_ done
Event: 5.259 loading class com/example/demo/business/Entities/MaterialsEntity_
Event: 5.259 loading class com/example/demo/business/Entities/MaterialsEntity_ done
Event: 5.259 loading class org/hibernate/jpa/criteria/CriteriaBuilderImpl
Event: 5.259 loading class org/hibernate/jpa/criteria/CriteriaBuilderImpl done
Event: 5.260 loading class javax/persistence/criteria/CriteriaBuilder
Event: 5.260 loading class javax/persistence/criteria/CriteriaBuilder done
Event: 5.261 Executing VM operation: CollectForMetadataAllocation


Dynamic libraries:
0x00007ff694ef0000 - 0x00007ff694f27000 	C:\Program Files\Java\jdk1.8.0_131\bin\java.exe
0x00007ff8f26b0000 - 0x00007ff8f288b000 	C:\WINDOWS\SYSTEM32\ntdll.dll
0x00007ff8f1fa0000 - 0x00007ff8f204e000 	C:\WINDOWS\System32\KERNEL32.DLL
0x00007ff8eee60000 - 0x00007ff8ef0a9000 	C:\WINDOWS\System32\KERNELBASE.dll
0x00007ff8f12e0000 - 0x00007ff8f1381000 	C:\WINDOWS\System32\ADVAPI32.dll
0x00007ff8f1d00000 - 0x00007ff8f1d9d000 	C:\WINDOWS\System32\msvcrt.dll
0x00007ff8f14e0000 - 0x00007ff8f1539000 	C:\WINDOWS\System32\sechost.dll
0x00007ff8f1ba0000 - 0x00007ff8f1cc5000 	C:\WINDOWS\System32\RPCRT4.dll
0x00007ff8f1390000 - 0x00007ff8f14da000 	C:\WINDOWS\System32\USER32.dll
0x00007ff8ef1b0000 - 0x00007ff8ef1ce000 	C:\WINDOWS\System32\win32u.dll
0x00007ff8f1560000 - 0x00007ff8f1587000 	C:\WINDOWS\System32\GDI32.dll
0x00007ff8eecd0000 - 0x00007ff8eee59000 	C:\WINDOWS\System32\gdi32full.dll
0x00007ff8efb70000 - 0x00007ff8efc0a000 	C:\WINDOWS\System32\msvcp_win.dll
0x00007ff8eebd0000 - 0x00007ff8eecc6000 	C:\WINDOWS\System32\ucrtbase.dll
0x00007ff8e8470000 - 0x00007ff8e86d7000 	C:\WINDOWS\WinSxS\amd64_microsoft.windows.common-controls_6595b64144ccf1df_6.0.15063.0_none_108e4f62dfe5d999\COMCTL32.dll
0x00007ff8f23b0000 - 0x00007ff8f26a9000 	C:\WINDOWS\System32\combase.dll
0x00007ff8efaa0000 - 0x00007ff8efb0a000 	C:\WINDOWS\System32\bcryptPrimitives.dll
0x00007ff8f1cd0000 - 0x00007ff8f1cfd000 	C:\WINDOWS\System32\IMM32.DLL
0x0000000056a70000 - 0x0000000056b42000 	C:\Program Files\Java\jdk1.8.0_131\jre\bin\msvcr100.dll
0x00000000561d0000 - 0x0000000056a6c000 	C:\Program Files\Java\jdk1.8.0_131\jre\bin\server\jvm.dll
0x00007ff8f1db0000 - 0x00007ff8f1db8000 	C:\WINDOWS\System32\PSAPI.DLL
0x00007ff8ccb30000 - 0x00007ff8ccb39000 	C:\WINDOWS\SYSTEM32\WSOCK32.dll
0x00007ff8f1f30000 - 0x00007ff8f1f9c000 	C:\WINDOWS\System32\WS2_32.dll
0x00007ff8ed190000 - 0x00007ff8ed1b3000 	C:\WINDOWS\SYSTEM32\WINMM.dll
0x00007ff8ea8d0000 - 0x00007ff8ea8da000 	C:\WINDOWS\SYSTEM32\VERSION.dll
0x00007ff8ed0a0000 - 0x00007ff8ed0cb000 	C:\WINDOWS\SYSTEM32\WINMMBASE.dll
0x00007ff8ef160000 - 0x00007ff8ef1a9000 	C:\WINDOWS\System32\cfgmgr32.dll
0x0000000058460000 - 0x000000005846f000 	C:\Program Files\Java\jdk1.8.0_131\jre\bin\verify.dll
0x00000000561a0000 - 0x00000000561c9000 	C:\Program Files\Java\jdk1.8.0_131\jre\bin\java.dll
0x0000000056170000 - 0x0000000056193000 	C:\Program Files\Java\jdk1.8.0_131\jre\bin\instrument.dll
0x0000000056150000 - 0x0000000056166000 	C:\Program Files\Java\jdk1.8.0_131\jre\bin\zip.dll
0x00007ff8efea0000 - 0x00007ff8f12d7000 	C:\WINDOWS\System32\SHELL32.dll
0x00007ff8f2050000 - 0x00007ff8f20fa000 	C:\WINDOWS\System32\shcore.dll
0x00007ff8ef3a0000 - 0x00007ff8efa92000 	C:\WINDOWS\System32\windows.storage.dll
0x00007ff8f1ed0000 - 0x00007ff8f1f21000 	C:\WINDOWS\System32\shlwapi.dll
0x00007ff8eebb0000 - 0x00007ff8eebc1000 	C:\WINDOWS\System32\kernel.appcore.dll
0x00007ff8eeb60000 - 0x00007ff8eebac000 	C:\WINDOWS\System32\powrprof.dll
0x00007ff8eeb40000 - 0x00007ff8eeb55000 	C:\WINDOWS\System32\profapi.dll
0x00007ff8c7230000 - 0x00007ff8c724a000 	C:\Program Files\JetBrains\IntelliJ IDEA 2017.1.2\bin\breakgen64.dll
0x0000000056040000 - 0x000000005605a000 	C:\Program Files\Java\jdk1.8.0_131\jre\bin\net.dll
0x0000000180000000 - 0x000000018008c000 	C:\WINDOWS\system32\SafeIPs64.dll
0x00007ff8f1610000 - 0x00007ff8f1755000 	C:\WINDOWS\System32\ole32.dll
0x00007ff8efde0000 - 0x00007ff8efea0000 	C:\WINDOWS\System32\OLEAUT32.dll
0x00007ff8ee3d0000 - 0x00007ff8ee42c000 	C:\WINDOWS\SYSTEM32\MSWSOCK.dll
0x00007ff8ee170000 - 0x00007ff8ee1a7000 	C:\WINDOWS\SYSTEM32\IPHLPAPI.DLL
0x00007ff8eea50000 - 0x00007ff8eea80000 	C:\WINDOWS\SYSTEM32\SspiCli.dll
0x00007ff8ed340000 - 0x00007ff8ed3d5000 	C:\WINDOWS\system32\uxtheme.dll
0x00007ff8f1dc0000 - 0x00007ff8f1e5e000 	C:\WINDOWS\System32\clbcatq.dll
0x00007ff8ee950000 - 0x00007ff8ee9ea000 	C:\WINDOWS\SYSTEM32\sxs.dll
0x0000000056140000 - 0x000000005614d000 	C:\Program Files\Java\jdk1.8.0_131\jre\bin\management.dll
0x00007ff8df4d0000 - 0x00007ff8df4e6000 	C:\WINDOWS\system32\napinsp.dll
0x00007ff8dee90000 - 0x00007ff8deeaa000 	C:\WINDOWS\system32\pnrpnsp.dll
0x00007ff8eb790000 - 0x00007ff8eb7a8000 	C:\WINDOWS\system32\NLAapi.dll
0x00007ff8ee1b0000 - 0x00007ff8ee254000 	C:\WINDOWS\SYSTEM32\DNSAPI.dll
0x00007ff8f1ec0000 - 0x00007ff8f1ec8000 	C:\WINDOWS\System32\NSI.dll
0x00007ff8dee10000 - 0x00007ff8dee1e000 	C:\WINDOWS\System32\winrnr.dll
0x00007ff8e2100000 - 0x00007ff8e210a000 	C:\Windows\System32\rasadhlp.dll
0x00007ff8e7610000 - 0x00007ff8e767b000 	C:\WINDOWS\System32\fwpuclnt.dll
0x00007ff8ee9f0000 - 0x00007ff8eea15000 	C:\WINDOWS\SYSTEM32\bcrypt.dll
0x0000000056020000 - 0x0000000056031000 	C:\Program Files\Java\jdk1.8.0_131\jre\bin\nio.dll
0x00007ff8ee570000 - 0x00007ff8ee587000 	C:\WINDOWS\SYSTEM32\CRYPTSP.dll
0x00007ff8edff0000 - 0x00007ff8ee024000 	C:\WINDOWS\system32\rsaenh.dll
0x00007ff8eea20000 - 0x00007ff8eea49000 	C:\WINDOWS\SYSTEM32\USERENV.dll
0x00007ff8ee590000 - 0x00007ff8ee59b000 	C:\WINDOWS\SYSTEM32\CRYPTBASE.dll
0x00007ff8e9590000 - 0x00007ff8e95a6000 	C:\WINDOWS\SYSTEM32\dhcpcsvc6.DLL
0x00007ff8e94d0000 - 0x00007ff8e94ea000 	C:\WINDOWS\SYSTEM32\dhcpcsvc.DLL
0x00007ff8dfcb0000 - 0x00007ff8dfe59000 	C:\WINDOWS\SYSTEM32\dbghelp.dll

VM Arguments:
jvm_args: -XX:TieredStopAtLevel=1 -Xverify:none -Dspring.output.ansi.enabled=always -javaagent:C:\Program Files\JetBrains\IntelliJ IDEA 2017.1.2\lib\idea_rt.jar=58155:C:\Program Files\JetBrains\IntelliJ IDEA 2017.1.2\bin -Dfile.encoding=UTF-8 
java_command: com.example.demo.DemoApplication
java_class_path (initial): C:\Program Files\Java\jdk1.8.0_131\jre\lib\charsets.jar;C:\Program Files\Java\jdk1.8.0_131\jre\lib\deploy.jar;C:\Program Files\Java\jdk1.8.0_131\jre\lib\ext\access-bridge-64.jar;C:\Program Files\Java\jdk1.8.0_131\jre\lib\ext\cldrdata.jar;C:\Program Files\Java\jdk1.8.0_131\jre\lib\ext\dnsns.jar;C:\Program Files\Java\jdk1.8.0_131\jre\lib\ext\jaccess.jar;C:\Program Files\Java\jdk1.8.0_131\jre\lib\ext\jfxrt.jar;C:\Program Files\Java\jdk1.8.0_131\jre\lib\ext\localedata.jar;C:\Program Files\Java\jdk1.8.0_131\jre\lib\ext\nashorn.jar;C:\Program Files\Java\jdk1.8.0_131\jre\lib\ext\sunec.jar;C:\Program Files\Java\jdk1.8.0_131\jre\lib\ext\sunjce_provider.jar;C:\Program Files\Java\jdk1.8.0_131\jre\lib\ext\sunmscapi.jar;C:\Program Files\Java\jdk1.8.0_131\jre\lib\ext\sunpkcs11.jar;C:\Program Files\Java\jdk1.8.0_131\jre\lib\ext\zipfs.jar;C:\Program Files\Java\jdk1.8.0_131\jre\lib\javaws.jar;C:\Program Files\Java\jdk1.8.0_131\jre\lib\jce.jar;C:\Program Files\Java\jdk1.8.0_131\jre\lib\jfr.jar;C:\Program Files\Java\jdk1.8.0_131\jre\lib\jfxswt.jar;C:\Program Files\Java\jdk1.8.0_131\jre\lib\jsse.jar;C:\Program Files\Java\jdk1.8.0_131\jre\lib\management-agent.jar;C:\Program Files\Java\jdk1.8.0_131\jre\lib\plugin.jar;C:\Program Files\Java\jdk1.8.0_131\jre\lib\resources.jar;C:\Program Files\Java\jdk1.8.0_131\jre\lib\rt.jar;C:\Новая папка (2)\mda\target\classes;C:\Новая папка (2)\mda\lib\classmate-1.3.0.jar;C:\Новая папка (2)\mda\lib\antlr-2.7.7.jar;C:\Новая папка (2)\mda\lib\dom4j-1.6.1.jar;C:\Новая папка (2)\mda\lib\jandex-2.0.3.Final.jar;C:\Новая папка (2)\mda\lib\jboss-logging-3.3.0.Final.jar;C:\Новая папка (2)\mda\lib\jboss-transaction-api_1.2_spec-1.0.1.Final.jar;C:\Новая папка (2)\mda\lib\javassist-3.20.0-GA.jar;C:\Users\davbl\.m2\repository\org\springframework\boot\spring-boot-starter-aop\1.5.3.RELEASE\spring-boot-starter-aop-1.5.3.RELEASE.jar;C:\Users\davbl\.m2\repository\org\springframework\boot\spring-boot-starter\1.5.3.RELEASE\spring-boot-starter-1.
Launcher Type: SUN_STANDARD

Environment Variables:
JAVA_HOME=C:\Program Files\Java\jdk1.7.0_79
JRE_HOME=C:\Program Files\Java\jre7
PATH=C:\ProgramData\Oracle\Java\javapath;C:\Program Files (x86)\Intel\iCLS Client\;C:\Program Files\Intel\iCLS Client\;C:\Windows\system32;C:\Windows;C:\Windows\System32\Wbem;C:\Windows\System32\WindowsPowerShell\v1.0\;C:\Program Files (x86)\NVIDIA Corporation\PhysX\Common;C:\Program Files (x86)\Intel\Intel(R) Management Engine Components\DAL;C:\Program Files\Intel\Intel(R) Management Engine Components\DAL;C:\Program Files (x86)\Intel\Intel(R) Management Engine Components\IPT;C:\Program Files\Intel\Intel(R) Management Engine Components\IPT;C:\WINDOWS\system32\config\systemprofile\.dnx\bin;C:\Program Files\Microsoft DNX\Dnvm\;C:\Program Files (x86)\Windows Kits\8.1\Windows Performance Toolkit\;C:\WINDOWS\system32;C:\WINDOWS;C:\WINDOWS\System32\Wbem;C:\WINDOWS\System32\WindowsPowerShell\v1.0\;C:\Program Files (x86)\Skype\Phone\;C:\Program Files (x86)\MATLAB\R2014a\runtime\win32;C:\Program Files (x86)\MATLAB\R2014a\bin;C:\Program Files\MATLAB\R2009b\runtime\win64;C:\Program Files\MATLAB\R2009b\bin;C:\Program Files (x86)\MATLAB\R2014a\polyspace\bin;C:\Program Files\MySQL\MySQL Utilities 1.6\;C:\Program Files\Microsoft SQL Server\130\Tools\Binn\;C:\SocketeQ\windowsandroid_root\system\bin;C:\SocketeQ\windowsandroid_root\system\lib;C:\Users\davbl\AppData\Local\Microsoft\WindowsApps;C:\Users\davbl\AppData\Local\atom\bin;
USERNAME=davblain
OS=Windows_NT
PROCESSOR_IDENTIFIER=Intel64 Family 6 Model 60 Stepping 3, GenuineIntel



---------------  S Y S T E M  ---------------

OS: Windows 10.0 , 64 bit Build 15063 (10.0.15063.296)

CPU:total 4 (initial active 4) (4 cores per cpu, 1 threads per core) family 6 model 60 stepping 3, cmov, cx8, fxsr, mmx, sse, sse2, sse3, ssse3, sse4.1, sse4.2, popcnt, avx, avx2, aes, clmul, erms, lzcnt, tsc, tscinvbit, bmi1, bmi2

Memory: 4k page, physical 8325336k(2458980k free), swap 14092504k(4565436k free)

vm_info: Java HotSpot(TM) 64-Bit Server VM (25.131-b11) for windows-amd64 JRE (1.8.0_131-b11), built on Mar 15 2017 01:23:53 by "java_re" with MS VC++ 10.0 (VS2010)

time: Fri Jun 02 23:34:35 2017
elapsed time: 5 seconds (0d 0h 0m 5s)

